[    0.000000] Linux version 5.15.0-generic (buildd@lcy02) (gcc version 11.2.0) #1 SMP Fri Jan 14 15:23:45 UTC 2024
[    0.000000] Command line: BOOT_IMAGE=/boot/vmlinuz-5.15.0-generic root=UUID=1234-5678 ro quiet splash
[    0.000000] BIOS-provided physical RAM map:
[    0.000000] BIOS-e820: [mem 0x0000000000000000-0x000000000009fbff] usable
[    0.000000] BIOS-e820: [mem 0x0000000000100000-0x000000003fffffff] usable
[    0.000000] tsc: Detected 2400.000 MHz processor
[    0.000002] CPU: 0, PID: 0 Comm: swapper/0 Not tainted 5.15.0-generic #1
[    0.000005] Calibrating delay loop (skipped), value calculated using timer frequency
[    0.100000] ACPI: Core revision 20210730
[    0.200000] ACPI: DSDT 00000000000 (v02 DELL  5560   00000001      01000000)
[    0.300000] ACPI: SSDT 00000000000 (v02 INTEL  PchSsdt 00000001 INTL 20210730)
[    1.000000] PCI: Using configuration type 1 for base access
[    1.500000] PCI: Probing PCI hardware
[    2.000000] PCI: Using ACPI for IRQ routing
[    2.100000] pci 0000:00:00.0: [8086:4f44] type 00 class 0x060000
[    2.200000] pci 0000:00:01.0: [8086:4f48] type 01 class 0x060400
[    2.300000] pci 0000:00:02.0: [8086:4680] type 00 class 0x030000
[    2.400000] pci 0000:00:02.0: reg 0x10: [mem 0x60000000-0x6fffffff 64bit pref]
[    2.500000] pci 0000:00:02.0: reg 0x18: [mem 0x40000000-0x4fffffff 64bit]
[    2.600000] pci 0000:00:02.0: reg 0x20: [io  0x3000-0x303f]
[    3.000000] NET: Registered PF_INET protocol family
[    4.000000] i8042: PNP: No PS/2 controller found.
[    5.000000] intel_pstate: CPU 0 set to performance
[    5.100000] intel_pstate: CPU 1 set to performance
[    5.200000] intel_pstate: CPU 2 set to performance
[    5.300000] intel_pstate: CPU 3 set to performance
[    6.000000] thermal_sys: Registered thermal governor 'fair_share'
[    6.100000] thermal_sys: Registered thermal governor 'step_wise'
[    6.200000] ACPI: Thermal: TZ00 (passive)
[    6.300000] ACPI: Thermal: TZ01 (active)
[    6.400000] ACPI: Thermal: TZ02 (critical)
[    7.000000] i915 0000:00:02.0: enabling device (0000 -> 0002)
[    7.100000] i915 0000:00:02.0: [drm] VT-d active for gfx access
[    7.200000] i915 0000:00:02.0: [drm] Using Transparent Hugepages
[    7.300000] i915 0000:00:02.0: [drm] Requesting firmware i915/tgl_dmc_ver2_12.bin
[    7.400000] i915 0000:00:02.0: [drm] firmware: direct-loading firmware i915/tgl_dmc_ver2_12.bin
[    7.500000] i915 0000:00:02.0: [drm] Failed to locate firmware i915/tgl_dmc_ver2_12.bin
[    7.600000] i915 0000:00:02.0: [drm] Failed to load DMC firmware i915/tgl_dmc_ver2_12.bin (-2)
[    7.700000] i915 0000:00:02.0: [drm] *ERROR* Failed to load DMC firmware
[    7.800000] i915 0000:00:02.0: [drm] Requesting firmware i915/tgl_guc_62.0.3.bin
[    7.900000] i915 0000:00:02.0: [drm] firmware: direct-loading firmware i915/tgl_guc_62.0.3.bin
[    8.000000] i915 0000:00:02.0: [drm] Failed to locate firmware i915/tgl_guc_62.0.3.bin
[    8.100000] i915 0000:00:02.0: [drm] Failed to load GuC firmware i915/tgl_guc_62.0.3.bin (-2)
[    8.200000] i915 0000:00:02.0: [drm] *ERROR* Failed to load GuC firmware
[    8.300000] i915 0000:00:02.0: [drm] Requesting firmware i915/tgl_huc_7.9.3.bin
[    8.400000] i915 0000:00:02.0: [drm] firmware: direct-loading firmware i915/tgl_huc_7.9.3.bin
[    8.500000] i915 0000:00:02.0: [drm] Failed to locate firmware i915/tgl_huc_7.9.3.bin
[    8.600000] i915 0000:00:02.0: [drm] Failed to load HuC firmware i915/tgl_huc_7.9.3.bin (-2)
[    8.700000] i915 0000:00:02.0: [drm] *ERROR* Failed to load HuC firmware
[    8.800000] i915 0000:00:02.0: [drm] GuC submission disabled due to firmware load failure
[    8.900000] i915 0000:00:02.0: [drm] HuC disabled due to firmware load failure
[    9.000000] i915 0000:00:02.0: [drm] *ERROR* Failed to initialize GuC
[    9.100000] i915 0000:00:02.0: [drm] *ERROR* Failed to initialize HuC
[    9.200000] i915 0000:00:02.0: [drm] *WARN* GPU initialization incomplete
[    9.300000] i915 0000:00:02.0: [drm] Display Core (revision 9) initialization failed
[    9.400000] i915 0000:00:02.0: [drm] Cannot initialize display
[    9.500000] i915 0000:00:02.0: [drm] *ERROR* GT0: GuC firmware load failed -2
[    9.600000] i915 0000:00:02.0: [drm] *ERROR* GT0: HuC firmware load failed -2
[    9.700000] i915 0000:00:02.0: [drm] *ERROR* GT0: Failed to initialize GuC
[    9.800000] i915 0000:00:02.0: [drm] *ERROR* GT0: Failed to initialize HuC
[   10.000000] snd_hda_intel 0000:00:1f.3: enabling device (0000 -> 0002)
[   10.100000] snd_hda_intel 0000:00:1f.3: bound 0000:00:02.0 (ops i915_audio_component_bind_ops [i915])
[   10.200000] snd_hda_intel 0000:00:1f.3: *ERROR* Failed to bind to GPU component
[   10.300000] snd_hda_intel 0000:00:1f.3: *ERROR* Audio component initialization failed
[   10.400000] snd_hda_intel 0000:00:1f.3: *WARN* Audio will not work without GPU
[   11.000000] usb 1-1: new high-speed USB device number 2 using xhci_hcd
[   11.100000] usb 1-1: New USB device found, idVendor=1234, idProduct=5678
[   11.200000] usb 1-1: New USB device strings: Mfr=1, Product=2, SerialNumber=3
[   11.300000] usb-storage 1-1:1.0: USB Mass Storage device detected
[   12.000000] r8169 0000:02:00.0 eth0: RTL8168h/8111h, MAC: 00:1a:2b:3c:4d:5e
[   12.100000] r8169 0000:02:00.0 eth0: link up
[   12.200000] r8169 0000:02:00.0 eth0: Link is Up - 1Gbps Full duplex
[   13.000000] iwlwifi 0000:03:00.0: enabling device (0000 -> 0002)
[   13.100000] iwlwifi 0000:03:00.0: loaded firmware version 59.601f3a66.0
[   13.200000] iwlwifi 0000:03:00.0: TLV_FW_FSEQ_VERSION: FSEQ Version: 89.3.35.22
[   13.300000] iwlwifi 0000:03:00.0: Detected Intel(R) Wi-Fi 6 AX210
[   14.000000] EXT4-fs (sda2): mounted filesystem with ordered data mode
[   14.100000] EXT4-fs (sda2): recovery complete
[   14.200000] systemd[1]: Starting system-udev\x2dtrigger.service...
[   14.300000] systemd[1]: Starting Network Service...
[   14.400000] systemd[1]: Started Network Service.
[   14.500000] systemd[1]: Starting User Manager for UID 1000...
[   14.600000] systemd[1]: Started User Manager for UID 1000.
[   14.700000] systemd[1]: Reached target Graphical Interface
[   14.800000] systemd[1]: Startup finished in 14.234s (kernel) + 2.456s (userspace) = 16.690s
[   15.000000] i915 0000:00:02.0: [drm] GPU HANG: ecode 9:0:0x85dffffb, in Xorg [123]
[   15.100000] i915 0000:00:02.0: [drm] GPU hang state: 0x12345678
[   15.200000] i915 0000:00:02.0: [drm] *ERROR* GPU hang detected
[   15.300000] i915 0000:00:02.0: [drm] *ERROR* Failed to reset GPU
[   15.400000] i915 0000:00:02.0: [drm] *ERROR* GPU reset failed, device may be unstable
[   15.500000] i915 0000:00:02.0: [drm] *WARN* Display output may be corrupted
[   15.600000] i915 0000:00:02.0: [drm] *ERROR* Cannot recover from GPU hang
